   1              		.cpu cortex-m0
   2              		.fpu softvfp
   3              		.eabi_attribute 20, 1
   4              		.eabi_attribute 21, 1
   5              		.eabi_attribute 23, 3
   6              		.eabi_attribute 24, 1
   7              		.eabi_attribute 25, 1
   8              		.eabi_attribute 26, 1
   9              		.eabi_attribute 30, 6
  10              		.eabi_attribute 34, 0
  11              		.eabi_attribute 18, 4
  12              		.code	16
  13              		.file	"LEDGreen.c"
  14              		.text
  15              	.Ltext0:
  16              		.cfi_sections	.debug_frame
  17              		.section	.bss.DeviceDataPrv__DEFAULT_RTOS_ALLOC,"aw",%nobits
  18              		.align	2
  21              	DeviceDataPrv__DEFAULT_RTOS_ALLOC:
  22 0000 00000000 		.space	4
  23              		.section	.text.LEDGreen_Init,"ax",%progbits
  24              		.align	2
  25              		.global	LEDGreen_Init
  26              		.code	16
  27              		.thumb_func
  29              	LEDGreen_Init:
  30              	.LFB0:
  31              		.file 1 "../Generated_Code/LEDGreen.c"
   1:../Generated_Code/LEDGreen.c **** /* ###################################################################
   2:../Generated_Code/LEDGreen.c **** **     This component module is generated by Processor Expert. Do not modify it.
   3:../Generated_Code/LEDGreen.c **** **     Filename    : LEDGreen.c
   4:../Generated_Code/LEDGreen.c **** **     Project     : ProcessorExpert
   5:../Generated_Code/LEDGreen.c **** **     Processor   : MKL25Z128VLK4
   6:../Generated_Code/LEDGreen.c **** **     Component   : BitIO_LDD
   7:../Generated_Code/LEDGreen.c **** **     Version     : Component 01.033, Driver 01.03, CPU db: 3.00.000
   8:../Generated_Code/LEDGreen.c **** **     Compiler    : GNU C Compiler
   9:../Generated_Code/LEDGreen.c **** **     Date/Time   : 2017-02-22, 20:40, # CodeGen: 26
  10:../Generated_Code/LEDGreen.c **** **     Abstract    :
  11:../Generated_Code/LEDGreen.c **** **         The HAL BitIO component provides a low level API for unified
  12:../Generated_Code/LEDGreen.c **** **         access to general purpose digital input/output pins across
  13:../Generated_Code/LEDGreen.c **** **         various device designs.
  14:../Generated_Code/LEDGreen.c **** **
  15:../Generated_Code/LEDGreen.c **** **         RTOS drivers using HAL BitIO API are simpler and more
  16:../Generated_Code/LEDGreen.c **** **         portable to various microprocessors.
  17:../Generated_Code/LEDGreen.c **** **     Settings    :
  18:../Generated_Code/LEDGreen.c **** **          Component name                                 : LEDGreen
  19:../Generated_Code/LEDGreen.c **** **          Pin for I/O                                    : TSI0_CH12/PTB19/TPM2_CH1
  20:../Generated_Code/LEDGreen.c **** **          Pin signal                                     : 
  21:../Generated_Code/LEDGreen.c **** **          Direction                                      : Output
  22:../Generated_Code/LEDGreen.c **** **          Initialization                                 : 
  23:../Generated_Code/LEDGreen.c **** **            Init. direction                              : Output
  24:../Generated_Code/LEDGreen.c **** **            Init. value                                  : 1
  25:../Generated_Code/LEDGreen.c **** **            Auto initialization                          : yes
  26:../Generated_Code/LEDGreen.c **** **          Safe mode                                      : no
  27:../Generated_Code/LEDGreen.c **** **     Contents    :
  28:../Generated_Code/LEDGreen.c **** **         Init   - LDD_TDeviceData* LEDGreen_Init(LDD_TUserData *UserDataPtr);
  29:../Generated_Code/LEDGreen.c **** **         Deinit - void LEDGreen_Deinit(LDD_TDeviceData *DeviceDataPtr);
  30:../Generated_Code/LEDGreen.c **** **         PutVal - void LEDGreen_PutVal(LDD_TDeviceData *DeviceDataPtr, bool Val);
  31:../Generated_Code/LEDGreen.c **** **         ClrVal - void LEDGreen_ClrVal(LDD_TDeviceData *DeviceDataPtr);
  32:../Generated_Code/LEDGreen.c **** **         SetVal - void LEDGreen_SetVal(LDD_TDeviceData *DeviceDataPtr);
  33:../Generated_Code/LEDGreen.c **** **
  34:../Generated_Code/LEDGreen.c **** **     Copyright : 1997 - 2014 Freescale Semiconductor, Inc. 
  35:../Generated_Code/LEDGreen.c **** **     All Rights Reserved.
  36:../Generated_Code/LEDGreen.c **** **     
  37:../Generated_Code/LEDGreen.c **** **     Redistribution and use in source and binary forms, with or without modification,
  38:../Generated_Code/LEDGreen.c **** **     are permitted provided that the following conditions are met:
  39:../Generated_Code/LEDGreen.c **** **     
  40:../Generated_Code/LEDGreen.c **** **     o Redistributions of source code must retain the above copyright notice, this list
  41:../Generated_Code/LEDGreen.c **** **       of conditions and the following disclaimer.
  42:../Generated_Code/LEDGreen.c **** **     
  43:../Generated_Code/LEDGreen.c **** **     o Redistributions in binary form must reproduce the above copyright notice, this
  44:../Generated_Code/LEDGreen.c **** **       list of conditions and the following disclaimer in the documentation and/or
  45:../Generated_Code/LEDGreen.c **** **       other materials provided with the distribution.
  46:../Generated_Code/LEDGreen.c **** **     
  47:../Generated_Code/LEDGreen.c **** **     o Neither the name of Freescale Semiconductor, Inc. nor the names of its
  48:../Generated_Code/LEDGreen.c **** **       contributors may be used to endorse or promote products derived from this
  49:../Generated_Code/LEDGreen.c **** **       software without specific prior written permission.
  50:../Generated_Code/LEDGreen.c **** **     
  51:../Generated_Code/LEDGreen.c **** **     THIS SOFTWARE IS PROVIDED BY THE COPYRIGHT HOLDERS AND CONTRIBUTORS "AS IS" AND
  52:../Generated_Code/LEDGreen.c **** **     ANY EXPRESS OR IMPLIED WARRANTIES, INCLUDING, BUT NOT LIMITED TO, THE IMPLIED
  53:../Generated_Code/LEDGreen.c **** **     WARRANTIES OF MERCHANTABILITY AND FITNESS FOR A PARTICULAR PURPOSE ARE
  54:../Generated_Code/LEDGreen.c **** **     DISCLAIMED. IN NO EVENT SHALL THE COPYRIGHT HOLDER OR CONTRIBUTORS BE LIABLE FOR
  55:../Generated_Code/LEDGreen.c **** **     ANY DIRECT, INDIRECT, INCIDENTAL, SPECIAL, EXEMPLARY, OR CONSEQUENTIAL DAMAGES
  56:../Generated_Code/LEDGreen.c **** **     (INCLUDING, BUT NOT LIMITED TO, PROCUREMENT OF SUBSTITUTE GOODS OR SERVICES;
  57:../Generated_Code/LEDGreen.c **** **     LOSS OF USE, DATA, OR PROFITS; OR BUSINESS INTERRUPTION) HOWEVER CAUSED AND ON
  58:../Generated_Code/LEDGreen.c **** **     ANY THEORY OF LIABILITY, WHETHER IN CONTRACT, STRICT LIABILITY, OR TORT
  59:../Generated_Code/LEDGreen.c **** **     (INCLUDING NEGLIGENCE OR OTHERWISE) ARISING IN ANY WAY OUT OF THE USE OF THIS
  60:../Generated_Code/LEDGreen.c **** **     SOFTWARE, EVEN IF ADVISED OF THE POSSIBILITY OF SUCH DAMAGE.
  61:../Generated_Code/LEDGreen.c **** **     
  62:../Generated_Code/LEDGreen.c **** **     http: www.freescale.com
  63:../Generated_Code/LEDGreen.c **** **     mail: support@freescale.com
  64:../Generated_Code/LEDGreen.c **** ** ###################################################################*/
  65:../Generated_Code/LEDGreen.c **** /*!
  66:../Generated_Code/LEDGreen.c **** ** @file LEDGreen.c
  67:../Generated_Code/LEDGreen.c **** ** @version 01.03
  68:../Generated_Code/LEDGreen.c **** ** @brief
  69:../Generated_Code/LEDGreen.c **** **         The HAL BitIO component provides a low level API for unified
  70:../Generated_Code/LEDGreen.c **** **         access to general purpose digital input/output pins across
  71:../Generated_Code/LEDGreen.c **** **         various device designs.
  72:../Generated_Code/LEDGreen.c **** **
  73:../Generated_Code/LEDGreen.c **** **         RTOS drivers using HAL BitIO API are simpler and more
  74:../Generated_Code/LEDGreen.c **** **         portable to various microprocessors.
  75:../Generated_Code/LEDGreen.c **** */         
  76:../Generated_Code/LEDGreen.c **** /*!
  77:../Generated_Code/LEDGreen.c **** **  @addtogroup LEDGreen_module LEDGreen module documentation
  78:../Generated_Code/LEDGreen.c **** **  @{
  79:../Generated_Code/LEDGreen.c **** */         
  80:../Generated_Code/LEDGreen.c **** 
  81:../Generated_Code/LEDGreen.c **** /* MODULE LEDGreen. */
  82:../Generated_Code/LEDGreen.c **** 
  83:../Generated_Code/LEDGreen.c **** /* {Default RTOS Adapter} No RTOS includes */
  84:../Generated_Code/LEDGreen.c **** #include "LEDGreen.h"
  85:../Generated_Code/LEDGreen.c **** 
  86:../Generated_Code/LEDGreen.c **** #ifdef __cplusplus
  87:../Generated_Code/LEDGreen.c **** extern "C" {
  88:../Generated_Code/LEDGreen.c **** #endif 
  89:../Generated_Code/LEDGreen.c **** 
  90:../Generated_Code/LEDGreen.c **** typedef struct {
  91:../Generated_Code/LEDGreen.c ****   LDD_TUserData *UserDataPtr;          /* Pointer to user data */
  92:../Generated_Code/LEDGreen.c **** } LEDGreen_TDeviceData;                /* Device data structure type */
  93:../Generated_Code/LEDGreen.c **** 
  94:../Generated_Code/LEDGreen.c **** typedef LEDGreen_TDeviceData *LEDGreen_TDeviceDataPtr ; /* Pointer to the device data structure. */
  95:../Generated_Code/LEDGreen.c **** 
  96:../Generated_Code/LEDGreen.c **** /* {Default RTOS Adapter} Static object used for simulation of dynamic driver memory allocation */
  97:../Generated_Code/LEDGreen.c **** static LEDGreen_TDeviceData DeviceDataPrv__DEFAULT_RTOS_ALLOC;
  98:../Generated_Code/LEDGreen.c **** /*
  99:../Generated_Code/LEDGreen.c **** ** ===================================================================
 100:../Generated_Code/LEDGreen.c **** **     Method      :  LEDGreen_Init (component BitIO_LDD)
 101:../Generated_Code/LEDGreen.c **** */
 102:../Generated_Code/LEDGreen.c **** /*!
 103:../Generated_Code/LEDGreen.c **** **     @brief
 104:../Generated_Code/LEDGreen.c **** **         Initializes the device. Allocates memory for the device data
 105:../Generated_Code/LEDGreen.c **** **         structure, allocates interrupt vectors and sets interrupt
 106:../Generated_Code/LEDGreen.c **** **         priority, sets pin routing, sets timing, etc. If the "Enable
 107:../Generated_Code/LEDGreen.c **** **         in init. code" is set to "yes" value then the device is also
 108:../Generated_Code/LEDGreen.c **** **         enabled(see the description of the Enable() method). In this
 109:../Generated_Code/LEDGreen.c **** **         case the Enable() method is not necessary and needn't to be
 110:../Generated_Code/LEDGreen.c **** **         generated. 
 111:../Generated_Code/LEDGreen.c **** **     @param
 112:../Generated_Code/LEDGreen.c **** **         UserDataPtr     - Pointer to the user or
 113:../Generated_Code/LEDGreen.c **** **                           RTOS specific data. This pointer will be
 114:../Generated_Code/LEDGreen.c **** **                           passed as an event or callback parameter.
 115:../Generated_Code/LEDGreen.c **** **     @return
 116:../Generated_Code/LEDGreen.c **** **                         - Pointer to the dynamically allocated private
 117:../Generated_Code/LEDGreen.c **** **                           structure or NULL if there was an error.
 118:../Generated_Code/LEDGreen.c **** */
 119:../Generated_Code/LEDGreen.c **** /* ===================================================================*/
 120:../Generated_Code/LEDGreen.c **** LDD_TDeviceData* LEDGreen_Init(LDD_TUserData *UserDataPtr)
 121:../Generated_Code/LEDGreen.c **** {
  32              		.loc 1 121 0
  33              		.cfi_startproc
  34 0000 80B5     		push	{r7, lr}
  35              	.LCFI0:
  36              		.cfi_def_cfa_offset 8
  37              		.cfi_offset 7, -8
  38              		.cfi_offset 14, -4
  39 0002 84B0     		sub	sp, sp, #16
  40              	.LCFI1:
  41              		.cfi_def_cfa_offset 24
  42 0004 00AF     		add	r7, sp, #0
  43              	.LCFI2:
  44              		.cfi_def_cfa_register 7
  45 0006 7860     		str	r0, [r7, #4]
 122:../Generated_Code/LEDGreen.c ****   /* Allocate device structure */
 123:../Generated_Code/LEDGreen.c ****   LEDGreen_TDeviceDataPtr DeviceDataPrv;
 124:../Generated_Code/LEDGreen.c **** 
 125:../Generated_Code/LEDGreen.c ****   /* {Default RTOS Adapter} Driver memory allocation: Dynamic allocation is simulated by a pointer 
 126:../Generated_Code/LEDGreen.c ****   DeviceDataPrv = &DeviceDataPrv__DEFAULT_RTOS_ALLOC;
  46              		.loc 1 126 0
  47 0008 114B     		ldr	r3, .L3
  48 000a FB60     		str	r3, [r7, #12]
 127:../Generated_Code/LEDGreen.c ****   DeviceDataPrv->UserDataPtr = UserDataPtr; /* Store the RTOS device structure */
  49              		.loc 1 127 0
  50 000c FB68     		ldr	r3, [r7, #12]
  51 000e 7A68     		ldr	r2, [r7, #4]
  52 0010 1A60     		str	r2, [r3]
 128:../Generated_Code/LEDGreen.c ****   /* Configure pin as output */
 129:../Generated_Code/LEDGreen.c ****   /* GPIOB_PDDR: PDD|=0x00080000 */
 130:../Generated_Code/LEDGreen.c ****   GPIOB_PDDR |= GPIO_PDDR_PDD(0x00080000);
  53              		.loc 1 130 0
  54 0012 104B     		ldr	r3, .L3+4
  55 0014 0F4A     		ldr	r2, .L3+4
  56 0016 5269     		ldr	r2, [r2, #20]
  57 0018 8021     		mov	r1, #128
  58 001a 0903     		lsl	r1, r1, #12
  59 001c 0A43     		orr	r2, r1
  60 001e 5A61     		str	r2, [r3, #20]
 131:../Generated_Code/LEDGreen.c ****   /* Set initialization value */
 132:../Generated_Code/LEDGreen.c ****   /* GPIOB_PDOR: PDO|=0x00080000 */
 133:../Generated_Code/LEDGreen.c ****   GPIOB_PDOR |= GPIO_PDOR_PDO(0x00080000);
  61              		.loc 1 133 0
  62 0020 0C4B     		ldr	r3, .L3+4
  63 0022 0C4A     		ldr	r2, .L3+4
  64 0024 1268     		ldr	r2, [r2]
  65 0026 8021     		mov	r1, #128
  66 0028 0903     		lsl	r1, r1, #12
  67 002a 0A43     		orr	r2, r1
  68 002c 1A60     		str	r2, [r3]
 134:../Generated_Code/LEDGreen.c ****   /* Initialization of Port Control register */
 135:../Generated_Code/LEDGreen.c ****   /* PORTB_PCR19: ISF=0,MUX=1 */
 136:../Generated_Code/LEDGreen.c ****   PORTB_PCR19 = (uint32_t)((PORTB_PCR19 & (uint32_t)~(uint32_t)(
  69              		.loc 1 136 0
  70 002e 0A4B     		ldr	r3, .L3+8
  71 0030 094A     		ldr	r2, .L3+8
  72 0032 D16C     		ldr	r1, [r2, #76]
  73 0034 094A     		ldr	r2, .L3+12
  74 0036 0A40     		and	r2, r1
  75 0038 8021     		mov	r1, #128
  76 003a 4900     		lsl	r1, r1, #1
  77 003c 0A43     		orr	r2, r1
  78 003e DA64     		str	r2, [r3, #76]
 137:../Generated_Code/LEDGreen.c ****                  PORT_PCR_ISF_MASK |
 138:../Generated_Code/LEDGreen.c ****                  PORT_PCR_MUX(0x06)
 139:../Generated_Code/LEDGreen.c ****                 )) | (uint32_t)(
 140:../Generated_Code/LEDGreen.c ****                  PORT_PCR_MUX(0x01)
 141:../Generated_Code/LEDGreen.c ****                 ));
 142:../Generated_Code/LEDGreen.c ****   /* Registration of the device structure */
 143:../Generated_Code/LEDGreen.c ****   PE_LDD_RegisterDeviceStructure(PE_LDD_COMPONENT_LEDGreen_ID,DeviceDataPrv);
  79              		.loc 1 143 0
  80 0040 074B     		ldr	r3, .L3+16
  81 0042 FA68     		ldr	r2, [r7, #12]
  82 0044 5A61     		str	r2, [r3, #20]
 144:../Generated_Code/LEDGreen.c ****   return ((LDD_TDeviceData *)DeviceDataPrv);
  83              		.loc 1 144 0
  84 0046 FB68     		ldr	r3, [r7, #12]
 145:../Generated_Code/LEDGreen.c **** }
  85              		.loc 1 145 0
  86 0048 181C     		mov	r0, r3
  87 004a BD46     		mov	sp, r7
  88 004c 04B0     		add	sp, sp, #16
  89              		@ sp needed for prologue
  90 004e 80BD     		pop	{r7, pc}
  91              	.L4:
  92              		.align	2
  93              	.L3:
  94 0050 00000000 		.word	DeviceDataPrv__DEFAULT_RTOS_ALLOC
  95 0054 40F00F40 		.word	1074786368
  96 0058 00A00440 		.word	1074044928
  97 005c FFF8FFFE 		.word	-16779009
  98 0060 00000000 		.word	PE_LDD_DeviceDataList
  99              		.cfi_endproc
 100              	.LFE0:
 102              		.section	.text.LEDGreen_Deinit,"ax",%progbits
 103              		.align	2
 104              		.global	LEDGreen_Deinit
 105              		.code	16
 106              		.thumb_func
 108              	LEDGreen_Deinit:
 109              	.LFB1:
 146:../Generated_Code/LEDGreen.c **** /*
 147:../Generated_Code/LEDGreen.c **** ** ===================================================================
 148:../Generated_Code/LEDGreen.c **** **     Method      :  LEDGreen_Deinit (component BitIO_LDD)
 149:../Generated_Code/LEDGreen.c **** */
 150:../Generated_Code/LEDGreen.c **** /*!
 151:../Generated_Code/LEDGreen.c **** **     @brief
 152:../Generated_Code/LEDGreen.c **** **          Deinitializes the device. Switches off the device, frees
 153:../Generated_Code/LEDGreen.c **** **         the device data structure memory, interrupts vectors, etc.
 154:../Generated_Code/LEDGreen.c **** **     @param
 155:../Generated_Code/LEDGreen.c **** **         DeviceDataPtr   - Device data structure
 156:../Generated_Code/LEDGreen.c **** **                           pointer returned by <Init> method.
 157:../Generated_Code/LEDGreen.c **** */
 158:../Generated_Code/LEDGreen.c **** /* ===================================================================*/
 159:../Generated_Code/LEDGreen.c **** void LEDGreen_Deinit(LDD_TDeviceData *DeviceDataPtr)
 160:../Generated_Code/LEDGreen.c **** {
 110              		.loc 1 160 0
 111              		.cfi_startproc
 112 0000 80B5     		push	{r7, lr}
 113              	.LCFI3:
 114              		.cfi_def_cfa_offset 8
 115              		.cfi_offset 7, -8
 116              		.cfi_offset 14, -4
 117 0002 82B0     		sub	sp, sp, #8
 118              	.LCFI4:
 119              		.cfi_def_cfa_offset 16
 120 0004 00AF     		add	r7, sp, #0
 121              	.LCFI5:
 122              		.cfi_def_cfa_register 7
 123 0006 7860     		str	r0, [r7, #4]
 161:../Generated_Code/LEDGreen.c ****   (void)DeviceDataPtr;                 /* Parameter is not used, suppress unused argument warning *
 162:../Generated_Code/LEDGreen.c ****   /* GPIOB_PDDR: PDD&=~0x00080000 */
 163:../Generated_Code/LEDGreen.c ****   GPIOB_PDDR &= (uint32_t)~(uint32_t)(GPIO_PDDR_PDD(0x00080000));
 124              		.loc 1 163 0
 125 0008 054B     		ldr	r3, .L6
 126 000a 054A     		ldr	r2, .L6
 127 000c 5169     		ldr	r1, [r2, #20]
 128 000e 054A     		ldr	r2, .L6+4
 129 0010 0A40     		and	r2, r1
 130 0012 5A61     		str	r2, [r3, #20]
 164:../Generated_Code/LEDGreen.c ****   /* Unregistration of the device structure */
 165:../Generated_Code/LEDGreen.c ****   PE_LDD_UnregisterDeviceStructure(PE_LDD_COMPONENT_LEDGreen_ID);
 131              		.loc 1 165 0
 132 0014 044B     		ldr	r3, .L6+8
 133 0016 0022     		mov	r2, #0
 134 0018 5A61     		str	r2, [r3, #20]
 166:../Generated_Code/LEDGreen.c ****   /* Deallocation of the device structure */
 167:../Generated_Code/LEDGreen.c ****   /* {Default RTOS Adapter} Driver memory deallocation: Dynamic allocation is simulated, no dealloc
 168:../Generated_Code/LEDGreen.c **** }
 135              		.loc 1 168 0
 136 001a BD46     		mov	sp, r7
 137 001c 02B0     		add	sp, sp, #8
 138              		@ sp needed for prologue
 139 001e 80BD     		pop	{r7, pc}
 140              	.L7:
 141              		.align	2
 142              	.L6:
 143 0020 40F00F40 		.word	1074786368
 144 0024 FFFFF7FF 		.word	-524289
 145 0028 00000000 		.word	PE_LDD_DeviceDataList
 146              		.cfi_endproc
 147              	.LFE1:
 149              		.section	.text.LEDGreen_PutVal,"ax",%progbits
 150              		.align	2
 151              		.global	LEDGreen_PutVal
 152              		.code	16
 153              		.thumb_func
 155              	LEDGreen_PutVal:
 156              	.LFB2:
 169:../Generated_Code/LEDGreen.c **** 
 170:../Generated_Code/LEDGreen.c **** /*
 171:../Generated_Code/LEDGreen.c **** ** ===================================================================
 172:../Generated_Code/LEDGreen.c **** **     Method      :  LEDGreen_PutVal (component BitIO_LDD)
 173:../Generated_Code/LEDGreen.c **** */
 174:../Generated_Code/LEDGreen.c **** /*!
 175:../Generated_Code/LEDGreen.c **** **     @brief
 176:../Generated_Code/LEDGreen.c **** **         The specified output value is set. If the direction is <b>
 177:../Generated_Code/LEDGreen.c **** **         input</b>, the component saves the value to a memory or a
 178:../Generated_Code/LEDGreen.c **** **         register and this value will be written to the pin after
 179:../Generated_Code/LEDGreen.c **** **         switching to the output mode (using <tt>SetDir(TRUE)</tt>;
 180:../Generated_Code/LEDGreen.c **** **         see <a href="BitIOProperties.html#SafeMode">Safe mode</a>
 181:../Generated_Code/LEDGreen.c **** **         property for limitations). If the direction is <b>output</b>,
 182:../Generated_Code/LEDGreen.c **** **         it writes the value to the pin. (Method is available only if
 183:../Generated_Code/LEDGreen.c **** **         the direction = <u><tt>output</tt></u> or <u><tt>
 184:../Generated_Code/LEDGreen.c **** **         input/output</tt></u>).
 185:../Generated_Code/LEDGreen.c **** **     @param
 186:../Generated_Code/LEDGreen.c **** **         DeviceDataPtr   - Device data structure
 187:../Generated_Code/LEDGreen.c **** **                           pointer returned by <Init> method.
 188:../Generated_Code/LEDGreen.c **** **     @param
 189:../Generated_Code/LEDGreen.c **** **         Val             - Output value. Possible values:
 190:../Generated_Code/LEDGreen.c **** **                           <false> - logical "0" (Low level)
 191:../Generated_Code/LEDGreen.c **** **                           <true> - logical "1" (High level)
 192:../Generated_Code/LEDGreen.c **** */
 193:../Generated_Code/LEDGreen.c **** /* ===================================================================*/
 194:../Generated_Code/LEDGreen.c **** void LEDGreen_PutVal(LDD_TDeviceData *DeviceDataPtr, bool Val)
 195:../Generated_Code/LEDGreen.c **** {
 157              		.loc 1 195 0
 158              		.cfi_startproc
 159 0000 80B5     		push	{r7, lr}
 160              	.LCFI6:
 161              		.cfi_def_cfa_offset 8
 162              		.cfi_offset 7, -8
 163              		.cfi_offset 14, -4
 164 0002 82B0     		sub	sp, sp, #8
 165              	.LCFI7:
 166              		.cfi_def_cfa_offset 16
 167 0004 00AF     		add	r7, sp, #0
 168              	.LCFI8:
 169              		.cfi_def_cfa_register 7
 170 0006 7860     		str	r0, [r7, #4]
 171 0008 0A1C     		mov	r2, r1
 172 000a FB1C     		add	r3, r7, #3
 173 000c 1A70     		strb	r2, [r3]
 196:../Generated_Code/LEDGreen.c ****   (void)DeviceDataPtr;                 /* Parameter is not used, suppress unused argument warning *
 197:../Generated_Code/LEDGreen.c ****   if (Val) {
 174              		.loc 1 197 0
 175 000e FB1C     		add	r3, r7, #3
 176 0010 1B78     		ldrb	r3, [r3]
 177 0012 002B     		cmp	r3, #0
 178 0014 04D0     		beq	.L9
 198:../Generated_Code/LEDGreen.c ****     GPIO_PDD_SetPortDataOutputMask(LEDGreen_MODULE_BASE_ADDRESS, LEDGreen_PORT_MASK);
 179              		.loc 1 198 0
 180 0016 064B     		ldr	r3, .L11
 181 0018 8022     		mov	r2, #128
 182 001a 1203     		lsl	r2, r2, #12
 183 001c 5A60     		str	r2, [r3, #4]
 184 001e 03E0     		b	.L8
 185              	.L9:
 199:../Generated_Code/LEDGreen.c ****   } else { /* !Val */
 200:../Generated_Code/LEDGreen.c ****     GPIO_PDD_ClearPortDataOutputMask(LEDGreen_MODULE_BASE_ADDRESS, LEDGreen_PORT_MASK);
 186              		.loc 1 200 0
 187 0020 034B     		ldr	r3, .L11
 188 0022 8022     		mov	r2, #128
 189 0024 1203     		lsl	r2, r2, #12
 190 0026 9A60     		str	r2, [r3, #8]
 191              	.L8:
 201:../Generated_Code/LEDGreen.c ****   } /* !Val */
 202:../Generated_Code/LEDGreen.c **** }
 192              		.loc 1 202 0
 193 0028 BD46     		mov	sp, r7
 194 002a 02B0     		add	sp, sp, #8
 195              		@ sp needed for prologue
 196 002c 80BD     		pop	{r7, pc}
 197              	.L12:
 198 002e C046     		.align	2
 199              	.L11:
 200 0030 40F00FF8 		.word	-133173184
 201              		.cfi_endproc
 202              	.LFE2:
 204              		.section	.text.LEDGreen_ClrVal,"ax",%progbits
 205              		.align	2
 206              		.global	LEDGreen_ClrVal
 207              		.code	16
 208              		.thumb_func
 210              	LEDGreen_ClrVal:
 211              	.LFB3:
 203:../Generated_Code/LEDGreen.c **** 
 204:../Generated_Code/LEDGreen.c **** /*
 205:../Generated_Code/LEDGreen.c **** ** ===================================================================
 206:../Generated_Code/LEDGreen.c **** **     Method      :  LEDGreen_ClrVal (component BitIO_LDD)
 207:../Generated_Code/LEDGreen.c **** */
 208:../Generated_Code/LEDGreen.c **** /*!
 209:../Generated_Code/LEDGreen.c **** **     @brief
 210:../Generated_Code/LEDGreen.c **** **         Clears (set to zero) the output value. It is equivalent to
 211:../Generated_Code/LEDGreen.c **** **         the [PutVal(FALSE)]. This method is available only if the
 212:../Generated_Code/LEDGreen.c **** **         direction = _[output]_ or _[input/output]_.
 213:../Generated_Code/LEDGreen.c **** **     @param
 214:../Generated_Code/LEDGreen.c **** **         DeviceDataPtr   - Pointer to device data
 215:../Generated_Code/LEDGreen.c **** **                           structure returned by <Init> method.
 216:../Generated_Code/LEDGreen.c **** */
 217:../Generated_Code/LEDGreen.c **** /* ===================================================================*/
 218:../Generated_Code/LEDGreen.c **** void LEDGreen_ClrVal(LDD_TDeviceData *DeviceDataPtr)
 219:../Generated_Code/LEDGreen.c **** {
 212              		.loc 1 219 0
 213              		.cfi_startproc
 214 0000 80B5     		push	{r7, lr}
 215              	.LCFI9:
 216              		.cfi_def_cfa_offset 8
 217              		.cfi_offset 7, -8
 218              		.cfi_offset 14, -4
 219 0002 82B0     		sub	sp, sp, #8
 220              	.LCFI10:
 221              		.cfi_def_cfa_offset 16
 222 0004 00AF     		add	r7, sp, #0
 223              	.LCFI11:
 224              		.cfi_def_cfa_register 7
 225 0006 7860     		str	r0, [r7, #4]
 220:../Generated_Code/LEDGreen.c ****   (void)DeviceDataPtr;                 /* Parameter is not used, suppress unused argument warning *
 221:../Generated_Code/LEDGreen.c ****   GPIO_PDD_ClearPortDataOutputMask(LEDGreen_MODULE_BASE_ADDRESS, LEDGreen_PORT_MASK);
 226              		.loc 1 221 0
 227 0008 034B     		ldr	r3, .L14
 228 000a 8022     		mov	r2, #128
 229 000c 1203     		lsl	r2, r2, #12
 230 000e 9A60     		str	r2, [r3, #8]
 222:../Generated_Code/LEDGreen.c **** }
 231              		.loc 1 222 0
 232 0010 BD46     		mov	sp, r7
 233 0012 02B0     		add	sp, sp, #8
 234              		@ sp needed for prologue
 235 0014 80BD     		pop	{r7, pc}
 236              	.L15:
 237 0016 C046     		.align	2
 238              	.L14:
 239 0018 40F00FF8 		.word	-133173184
 240              		.cfi_endproc
 241              	.LFE3:
 243              		.section	.text.LEDGreen_SetVal,"ax",%progbits
 244              		.align	2
 245              		.global	LEDGreen_SetVal
 246              		.code	16
 247              		.thumb_func
 249              	LEDGreen_SetVal:
 250              	.LFB4:
 223:../Generated_Code/LEDGreen.c **** 
 224:../Generated_Code/LEDGreen.c **** /*
 225:../Generated_Code/LEDGreen.c **** ** ===================================================================
 226:../Generated_Code/LEDGreen.c **** **     Method      :  LEDGreen_SetVal (component BitIO_LDD)
 227:../Generated_Code/LEDGreen.c **** */
 228:../Generated_Code/LEDGreen.c **** /*!
 229:../Generated_Code/LEDGreen.c **** **     @brief
 230:../Generated_Code/LEDGreen.c **** **         Sets (to one) the output value. It is equivalent to the
 231:../Generated_Code/LEDGreen.c **** **         [PutVal(TRUE)]. This method is available only if the
 232:../Generated_Code/LEDGreen.c **** **         direction = _[output]_ or _[input/output]_.
 233:../Generated_Code/LEDGreen.c **** **     @param
 234:../Generated_Code/LEDGreen.c **** **         DeviceDataPtr   - Pointer to device data
 235:../Generated_Code/LEDGreen.c **** **                           structure returned by <Init> method.
 236:../Generated_Code/LEDGreen.c **** */
 237:../Generated_Code/LEDGreen.c **** /* ===================================================================*/
 238:../Generated_Code/LEDGreen.c **** void LEDGreen_SetVal(LDD_TDeviceData *DeviceDataPtr)
 239:../Generated_Code/LEDGreen.c **** {
 251              		.loc 1 239 0
 252              		.cfi_startproc
 253 0000 80B5     		push	{r7, lr}
 254              	.LCFI12:
 255              		.cfi_def_cfa_offset 8
 256              		.cfi_offset 7, -8
 257              		.cfi_offset 14, -4
 258 0002 82B0     		sub	sp, sp, #8
 259              	.LCFI13:
 260              		.cfi_def_cfa_offset 16
 261 0004 00AF     		add	r7, sp, #0
 262              	.LCFI14:
 263              		.cfi_def_cfa_register 7
 264 0006 7860     		str	r0, [r7, #4]
 240:../Generated_Code/LEDGreen.c ****   (void)DeviceDataPtr;                 /* Parameter is not used, suppress unused argument warning *
 241:../Generated_Code/LEDGreen.c ****   GPIO_PDD_SetPortDataOutputMask(LEDGreen_MODULE_BASE_ADDRESS, LEDGreen_PORT_MASK);
 265              		.loc 1 241 0
 266 0008 034B     		ldr	r3, .L17
 267 000a 8022     		mov	r2, #128
 268 000c 1203     		lsl	r2, r2, #12
 269 000e 5A60     		str	r2, [r3, #4]
 242:../Generated_Code/LEDGreen.c **** }
 270              		.loc 1 242 0
 271 0010 BD46     		mov	sp, r7
 272 0012 02B0     		add	sp, sp, #8
 273              		@ sp needed for prologue
 274 0014 80BD     		pop	{r7, pc}
 275              	.L18:
 276 0016 C046     		.align	2
 277              	.L17:
 278 0018 40F00FF8 		.word	-133173184
 279              		.cfi_endproc
 280              	.LFE4:
 282              		.text
 283              	.Letext0:
 284              		.file 2 "C:/Freescale/CW MCU v10.7/MCU/ARM_GCC_Support/ewl/EWL_C/include/cstdint"
 285              		.file 3 "../Generated_Code/PE_Types.h"
 286              		.file 4 "C:/Freescale/CW MCU v10.7/MCU/ProcessorExpert/lib/Kinetis/iofiles/MKL25Z4.h"
DEFINED SYMBOLS
                            *ABS*:00000000 LEDGreen.c
C:\Users\SAE_LP1\AppData\Local\Temp\cceSp8UW.s:18     .bss.DeviceDataPrv__DEFAULT_RTOS_ALLOC:00000000 $d
C:\Users\SAE_LP1\AppData\Local\Temp\cceSp8UW.s:21     .bss.DeviceDataPrv__DEFAULT_RTOS_ALLOC:00000000 DeviceDataPrv__DEFAULT_RTOS_ALLOC
C:\Users\SAE_LP1\AppData\Local\Temp\cceSp8UW.s:24     .text.LEDGreen_Init:00000000 $t
C:\Users\SAE_LP1\AppData\Local\Temp\cceSp8UW.s:29     .text.LEDGreen_Init:00000000 LEDGreen_Init
C:\Users\SAE_LP1\AppData\Local\Temp\cceSp8UW.s:94     .text.LEDGreen_Init:00000050 $d
C:\Users\SAE_LP1\AppData\Local\Temp\cceSp8UW.s:103    .text.LEDGreen_Deinit:00000000 $t
C:\Users\SAE_LP1\AppData\Local\Temp\cceSp8UW.s:108    .text.LEDGreen_Deinit:00000000 LEDGreen_Deinit
C:\Users\SAE_LP1\AppData\Local\Temp\cceSp8UW.s:143    .text.LEDGreen_Deinit:00000020 $d
C:\Users\SAE_LP1\AppData\Local\Temp\cceSp8UW.s:150    .text.LEDGreen_PutVal:00000000 $t
C:\Users\SAE_LP1\AppData\Local\Temp\cceSp8UW.s:155    .text.LEDGreen_PutVal:00000000 LEDGreen_PutVal
C:\Users\SAE_LP1\AppData\Local\Temp\cceSp8UW.s:200    .text.LEDGreen_PutVal:00000030 $d
C:\Users\SAE_LP1\AppData\Local\Temp\cceSp8UW.s:205    .text.LEDGreen_ClrVal:00000000 $t
C:\Users\SAE_LP1\AppData\Local\Temp\cceSp8UW.s:210    .text.LEDGreen_ClrVal:00000000 LEDGreen_ClrVal
C:\Users\SAE_LP1\AppData\Local\Temp\cceSp8UW.s:239    .text.LEDGreen_ClrVal:00000018 $d
C:\Users\SAE_LP1\AppData\Local\Temp\cceSp8UW.s:244    .text.LEDGreen_SetVal:00000000 $t
C:\Users\SAE_LP1\AppData\Local\Temp\cceSp8UW.s:249    .text.LEDGreen_SetVal:00000000 LEDGreen_SetVal
C:\Users\SAE_LP1\AppData\Local\Temp\cceSp8UW.s:278    .text.LEDGreen_SetVal:00000018 $d
                     .debug_frame:00000010 $d
                           .group:00000000 wm4.1.aba60cd3b17efbc2d56a1d9fc6f583a6
                           .group:00000000 wm4.ewl_c_version.h.9.0bcb57d6a3f89baae1f9b121de2772f5
                           .group:00000000 wm4.os_enum.h.9.03d7426d632bb1a35ec1708754c41daf
                           .group:00000000 wm4.ansi_prefix.ARM.h.13.2dd306b0ccbe86124098bfe3a0b58d88
                           .group:00000000 wm4.ansi_parms.h.64.05090287ebda70c0d79c02b050dca090
                           .group:00000000 wm4.limits_api.h.9.bc6daa20b3abae2bba6c512044e73b43
                           .group:00000000 wm4.ewl_lib_ext1.h.14.f9b057cc049671136093886db2a3473f
                           .group:00000000 wm4.cstdint.137.268b37259d2d366c21376cbd280e10d7
                           .group:00000000 wm4.PE_Types.h.69.0f70e9553c29a787d42fe2ac9dbd945d
                           .group:00000000 wm4.PE_Error.h.60.6ccf96637e85421388d147a5dcbc3621
                           .group:00000000 wm4.PE_Const.h.61.443ca05468cb0c6bf080e06394e39146
                           .group:00000000 wm4.MKL25Z4.h.61.adbdc31ae5ef570825ab0667cccdf447
                           .group:00000000 wm4.PDD_Types.h.5.e0b4125fe5201c5e1f688b067f4f0d54
                           .group:00000000 wm4.GPIO_PDD.h.122.b35a34a6eaffa5c552aafe5692260473
                           .group:00000000 wm4.Cpu.h.64.f81ea9fa0d5dd4235933d360f41084fe
                           .group:00000000 wm4.LEDGreen.h.104.c116436a505dbd8741453195700a0d6f

UNDEFINED SYMBOLS
PE_LDD_DeviceDataList
